<?xml version="1.0" encoding="UTF-8"?>
<!-- Generated by org.testng.reporters.JUnitReportReporter -->
<testsuite hostname="LAPTOP-MC4R20CB" failures="0" tests="2" name="com.ripplestreet.AllGetApis.ProductControllerGetApi" time="3.657" errors="0" timestamp="2023-07-11T14:17:44 IST" skipped="0">
  <testcase classname="com.ripplestreet.AllGetApis.ProductControllerGetApi" name="getProductsById" time="1.838"/>
  <system-out/>
  <testcase classname="com.ripplestreet.AllGetApis.ProductControllerGetApi" name="getListOfProdutsByEventID" time="1.819"/>
  <system-out/>
</testsuite> <!-- com.ripplestreet.AllGetApis.ProductControllerGetApi -->
