<?xml version="1.0" encoding="UTF-8"?>
<!-- Generated by org.testng.reporters.JUnitReportReporter -->
<testsuite hostname="LAPTOP-MC4R20CB" failures="0" tests="3" name="com.ripplestreet.AllGetApis.AchievementProgramControllerGetApi" time="4.959" errors="0" timestamp="2023-07-11T14:17:44 IST" skipped="0">
  <testcase classname="com.ripplestreet.AllGetApis.AchievementProgramControllerGetApi" name="GetAchievementProgram" time="1.681"/>
  <system-out/>
  <testcase classname="com.ripplestreet.AllGetApis.AchievementProgramControllerGetApi" name="GetListofAchievementPrograms" time="1.624"/>
  <system-out/>
  <testcase classname="com.ripplestreet.AllGetApis.AchievementProgramControllerGetApi" name="GetListOfAchievementProgramsforAchievementId" time="1.654"/>
  <system-out/>
</testsuite> <!-- com.ripplestreet.AllGetApis.AchievementProgramControllerGetApi -->
