<?xml version="1.0" encoding="UTF-8"?>
<!-- Generated by org.testng.reporters.JUnitReportReporter -->
<testsuite hostname="LAPTOP-MC4R20CB" failures="0" tests="6" name="com.ripplestreet.AllGetApis.UgcControllerGetApi" time="9.424" errors="0" timestamp="2023-07-11T14:17:44 IST" skipped="1">
  <testcase classname="com.ripplestreet.AllGetApis.UgcControllerGetApi" name="getUgcDetailsByTaskId" time="2.056"/>
  <system-out/>
  <testcase classname="com.ripplestreet.AllGetApis.UgcControllerGetApi" name="getImageRecognitionResponse" time="1.694"/>
  <system-out/>
  <testcase classname="com.ripplestreet.AllGetApis.UgcControllerGetApi" name="downloadAsset" time="1.967"/>
  <system-out/>
  <testcase classname="com.ripplestreet.AllGetApis.UgcControllerGetApi" name="getUgcDetailsById" time="1.982"/>
  <system-out/>
  <testcase classname="com.ripplestreet.AllGetApis.UgcControllerGetApi" name="downloadAssetByURL" time="1.725"/>
  <system-out/>
  <testcase classname="com.ripplestreet.AllGetApis.UgcControllerGetApi" name="getUserAsset">
    <skipped/>
  </testcase> <!-- getUserAsset -->
  <system-out/>
</testsuite> <!-- com.ripplestreet.AllGetApis.UgcControllerGetApi -->
