<?xml version="1.0" encoding="UTF-8"?>
<!-- Generated by org.testng.reporters.JUnitReportReporter -->
<testsuite hostname="LAPTOP-MC4R20CB" failures="0" tests="2" name="com.ripplestreet.AllPutApis.ProductControllerPutApi" time="4.478" errors="0" timestamp="2023-07-11T14:17:44 IST" skipped="0">
  <testcase classname="com.ripplestreet.AllPutApis.ProductControllerPutApi" name="ProductSyndication" time="1.814"/>
  <system-out/>
  <testcase classname="com.ripplestreet.AllPutApis.ProductControllerPutApi" name="updateEventproduct" time="2.664"/>
  <system-out/>
</testsuite> <!-- com.ripplestreet.AllPutApis.ProductControllerPutApi -->
