<?xml version="1.0" encoding="UTF-8"?>
<!-- Generated by org.testng.reporters.JUnitReportReporter -->
<testsuite hostname="LAPTOP-MC4R20CB" failures="0" tests="2" name="com.ripplestreet.AllGetApis.TaskControllerGetApi" time="4.145" errors="0" timestamp="2023-07-11T14:17:44 IST" skipped="0">
  <testcase classname="com.ripplestreet.AllGetApis.TaskControllerGetApi" name="getTask" time="1.910"/>
  <system-out/>
  <testcase classname="com.ripplestreet.AllGetApis.TaskControllerGetApi" name="getListOfTasks" time="2.235"/>
  <system-out/>
</testsuite> <!-- com.ripplestreet.AllGetApis.TaskControllerGetApi -->
