<?xml version="1.0" encoding="UTF-8"?>
<!-- Generated by org.testng.reporters.JUnitReportReporter -->
<testsuite hostname="LAPTOP-MC4R20CB" failures="0" tests="2" name="com.ripplestreet.AllPutApis.SegmentationDefinitionVersion2ControllerPutApi" time="4.299" errors="0" timestamp="2023-07-11T14:17:44 IST" skipped="0">
  <testcase classname="com.ripplestreet.AllPutApis.SegmentationDefinitionVersion2ControllerPutApi" name="refreshUserCountBySgment" time="2.145"/>
  <system-out/>
  <testcase classname="com.ripplestreet.AllPutApis.SegmentationDefinitionVersion2ControllerPutApi" name="UpdateASegment" time="2.154"/>
  <system-out/>
</testsuite> <!-- com.ripplestreet.AllPutApis.SegmentationDefinitionVersion2ControllerPutApi -->
