<?xml version="1.0" encoding="UTF-8"?>
<!-- Generated by org.testng.reporters.JUnitReportReporter -->
<testsuite hostname="LAPTOP-MC4R20CB" failures="0" tests="5" name="com.ripplestreet.AllGetApis.EventFeedControllerGetApi" time="19.441" errors="0" timestamp="2023-07-11T14:17:44 IST" skipped="0">
  <testcase classname="com.ripplestreet.AllGetApis.EventFeedControllerGetApi" name="getFeedInfoById" time="1.505"/>
  <system-out/>
  <testcase classname="com.ripplestreet.AllGetApis.EventFeedControllerGetApi" name="getPhotoFeedByEventId" time="1.544"/>
  <system-out/>
  <testcase classname="com.ripplestreet.AllGetApis.EventFeedControllerGetApi" name="getAllFeedsForEvent" time="7.252"/>
  <system-out/>
  <testcase classname="com.ripplestreet.AllGetApis.EventFeedControllerGetApi" name="getCommentFeedByEventId" time="7.505"/>
  <system-out/>
  <testcase classname="com.ripplestreet.AllGetApis.EventFeedControllerGetApi" name="getReviewFeedByEventId" time="1.635"/>
  <system-out/>
</testsuite> <!-- com.ripplestreet.AllGetApis.EventFeedControllerGetApi -->
