<?xml version="1.0" encoding="UTF-8"?>
<!-- Generated by org.testng.reporters.JUnitReportReporter -->
<testsuite hostname="LAPTOP-MC4R20CB" failures="0" tests="2" name="com.ripplestreet.AllGetApis.DraftEventControllerGetApi" time="3.182" errors="0" timestamp="2023-07-11T14:17:44 IST" skipped="0">
  <testcase classname="com.ripplestreet.AllGetApis.DraftEventControllerGetApi" name="getDraftEventByEventId" time="1.647"/>
  <system-out/>
  <testcase classname="com.ripplestreet.AllGetApis.DraftEventControllerGetApi" name="getListOfEventsBycampaignId" time="1.535"/>
  <system-out/>
</testsuite> <!-- com.ripplestreet.AllGetApis.DraftEventControllerGetApi -->
