<?xml version="1.0" encoding="UTF-8"?>
<!-- Generated by org.testng.reporters.JUnitReportReporter -->
<testsuite hostname="LAPTOP-MC4R20CB" failures="0" tests="3" name="com.ripplestreet.AllPutApis.EventControllerPutApi" time="4.905" errors="0" timestamp="2023-07-11T14:17:44 IST" skipped="0">
  <testcase classname="com.ripplestreet.AllPutApis.EventControllerPutApi" name="updateEventPacksCount" time="1.609"/>
  <system-out/>
  <testcase classname="com.ripplestreet.AllPutApis.EventControllerPutApi" name="updateComment" time="1.653"/>
  <system-out/>
  <testcase classname="com.ripplestreet.AllPutApis.EventControllerPutApi" name="updateEventSubscriptions" time="1.643"/>
  <system-out/>
</testsuite> <!-- com.ripplestreet.AllPutApis.EventControllerPutApi -->
