<?xml version="1.0" encoding="UTF-8"?>
<!-- Generated by org.testng.reporters.JUnitReportReporter -->
<testsuite hostname="LAPTOP-MC4R20CB" failures="0" tests="2" name="com.ripplestreet.AllPutApis.RewardItemControllerPutApi" time="2.980" errors="0" timestamp="2023-07-11T14:17:44 IST" skipped="0">
  <testcase classname="com.ripplestreet.AllPutApis.RewardItemControllerPutApi" name="UpdateRewardItemsSkuAlliases" time="1.452"/>
  <system-out/>
  <testcase classname="com.ripplestreet.AllPutApis.RewardItemControllerPutApi" name="UpdateRewardIteams" time="1.528"/>
  <system-out/>
</testsuite> <!-- com.ripplestreet.AllPutApis.RewardItemControllerPutApi -->
