<?xml version="1.0" encoding="UTF-8"?>
<!-- Generated by org.testng.reporters.JUnitReportReporter -->
<testsuite hostname="LAPTOP-MC4R20CB" failures="0" tests="7" name="com.ripplestreet.AllGetApis.FAQcontrollerGetApi" time="12.196" errors="0" timestamp="2023-07-11T14:17:44 IST" skipped="0">
  <testcase classname="com.ripplestreet.AllGetApis.FAQcontrollerGetApi" name="getFAQById" time="1.835"/>
  <system-out/>
  <testcase classname="com.ripplestreet.AllGetApis.FAQcontrollerGetApi" name="FAQTopicByID" time="1.819"/>
  <system-out/>
  <testcase classname="com.ripplestreet.AllGetApis.FAQcontrollerGetApi" name="getFAQTopicitemsById" time="1.718"/>
  <system-out/>
  <testcase classname="com.ripplestreet.AllGetApis.FAQcontrollerGetApi" name="GetFAQDetailByEventIdforCommunity" time="1.716"/>
  <system-out/>
  <testcase classname="com.ripplestreet.AllGetApis.FAQcontrollerGetApi" name="getFAQbyEventId" time="1.742"/>
  <system-out/>
  <testcase classname="com.ripplestreet.AllGetApis.FAQcontrollerGetApi" name="GetlistofFaqTopicItemsbyFaqTopicId" time="1.572"/>
  <system-out/>
  <testcase classname="com.ripplestreet.AllGetApis.FAQcontrollerGetApi" name="getlistofFaqTopicbyFaqId" time="1.794"/>
  <system-out/>
</testsuite> <!-- com.ripplestreet.AllGetApis.FAQcontrollerGetApi -->
