<?xml version="1.0" encoding="UTF-8"?>
<!-- Generated by org.testng.reporters.JUnitReportReporter -->
<testsuite hostname="LAPTOP-MC4R20CB" failures="0" tests="2" name="com.ripplestreet.AllGetApis.ReceiptControllerGetApi" time="3.287" errors="0" timestamp="2023-07-11T14:17:44 IST" skipped="0">
  <testcase classname="com.ripplestreet.AllGetApis.ReceiptControllerGetApi" name="getReceiptRecordWithData" time="1.580"/>
  <system-out/>
  <testcase classname="com.ripplestreet.AllGetApis.ReceiptControllerGetApi" name="getReceiptList" time="1.707"/>
  <system-out/>
</testsuite> <!-- com.ripplestreet.AllGetApis.ReceiptControllerGetApi -->
