<?xml version="1.0" encoding="UTF-8"?>
<!-- Generated by org.testng.reporters.JUnitReportReporter -->
<testsuite hostname="LAPTOP-MC4R20CB" failures="0" tests="3" name="com.ripplestreet.AllGetApis.ReviewControllerGetApi" time="5.027" errors="0" timestamp="2023-07-11T14:17:44 IST" skipped="0">
  <testcase classname="com.ripplestreet.AllGetApis.ReviewControllerGetApi" name="getExternalReview" time="1.780"/>
  <system-out/>
  <testcase classname="com.ripplestreet.AllGetApis.ReviewControllerGetApi" name="getReviewsByTaskId" time="1.569"/>
  <system-out/>
  <testcase classname="com.ripplestreet.AllGetApis.ReviewControllerGetApi" name="getReview" time="1.678"/>
  <system-out/>
</testsuite> <!-- com.ripplestreet.AllGetApis.ReviewControllerGetApi -->
