<?xml version="1.0" encoding="UTF-8"?>
<!-- Generated by org.testng.reporters.JUnitReportReporter -->
<testsuite hostname="LAPTOP-MC4R20CB" failures="0" tests="3" name="com.ripplestreet.AllPutApis.EventDetailControllerPutApi" time="5.147" errors="0" timestamp="2023-07-11T14:17:44 IST" skipped="0">
  <testcase classname="com.ripplestreet.AllPutApis.EventDetailControllerPutApi" name="addEventBasicDetail" time="1.734"/>
  <system-out/>
  <testcase classname="com.ripplestreet.AllPutApis.EventDetailControllerPutApi" name="updateeventEventMileStones" time="1.736"/>
  <system-out/>
  <testcase classname="com.ripplestreet.AllPutApis.EventDetailControllerPutApi" name="UpdateEventTarget" time="1.677"/>
  <system-out/>
</testsuite> <!-- com.ripplestreet.AllPutApis.EventDetailControllerPutApi -->
