<?xml version="1.0" encoding="UTF-8"?>
<!-- Generated by org.testng.reporters.JUnitReportReporter -->
<testsuite hostname="LAPTOP-MC4R20CB" failures="0" tests="2" name="com.ripplestreet.AllGetApis.IteratorGetApi" time="12.056" errors="0" timestamp="2023-07-11T14:17:44 IST" skipped="0">
  <testcase classname="com.ripplestreet.AllGetApis.IteratorGetApi" name="getAllAGamesByAllDirectionsUsingIterator" time="3.187"/>
  <system-out/>
  <testcase classname="com.ripplestreet.AllGetApis.IteratorGetApi" name="discoverEventsByAllEventType" time="8.869"/>
  <system-out/>
</testsuite> <!-- com.ripplestreet.AllGetApis.IteratorGetApi -->
