<?xml version="1.0" encoding="UTF-8"?>
<!-- Generated by org.testng.reporters.JUnitReportReporter -->
<testsuite hostname="LAPTOP-MC4R20CB" failures="0" tests="1" name="com.ripplestreet.AllGetApis.SegmentationJobsControllerGetApi" time="1.698" errors="0" timestamp="2023-07-11T14:17:44 IST" skipped="0">
  <testcase classname="com.ripplestreet.AllGetApis.SegmentationJobsControllerGetApi" name="getAllSegmentJobsForSegmentId" time="1.698"/>
  <system-out/>
</testsuite> <!-- com.ripplestreet.AllGetApis.SegmentationJobsControllerGetApi -->
