<?xml version="1.0" encoding="UTF-8"?>
<!-- Generated by org.testng.reporters.JUnitReportReporter -->
<testsuite hostname="LAPTOP-MC4R20CB" failures="0" tests="2" name="com.ripplestreet.AllGetApis.RoleControllerGetApi" time="3.268" errors="0" timestamp="2023-07-11T14:17:44 IST" skipped="0">
  <testcase classname="com.ripplestreet.AllGetApis.RoleControllerGetApi" name="getLlistOfPeopleByRoleID" time="1.636"/>
  <system-out/>
  <testcase classname="com.ripplestreet.AllGetApis.RoleControllerGetApi" name="getListOfRoles" time="1.632"/>
  <system-out/>
</testsuite> <!-- com.ripplestreet.AllGetApis.RoleControllerGetApi -->
