<?xml version="1.0" encoding="UTF-8"?>
<!-- Generated by org.testng.reporters.JUnitReportReporter -->
<testsuite hostname="LAPTOP-MC4R20CB" failures="0" tests="3" name="com.ripplestreet.AllPutApis.RewardDeliveryControllerPutApi" time="4.895" errors="0" timestamp="2023-07-11T14:17:44 IST" skipped="0">
  <testcase classname="com.ripplestreet.AllPutApis.RewardDeliveryControllerPutApi" name="triggerReadyToDeliverAllocations" time="1.676"/>
  <system-out/>
  <testcase classname="com.ripplestreet.AllPutApis.RewardDeliveryControllerPutApi" name="createAndUpdateDeliverySystemAttributeValue" time="1.703"/>
  <system-out/>
  <testcase classname="com.ripplestreet.AllPutApis.RewardDeliveryControllerPutApi" name="UpdateDelveryitemstatus" time="1.516"/>
  <system-out/>
</testsuite> <!-- com.ripplestreet.AllPutApis.RewardDeliveryControllerPutApi -->
