<?xml version="1.0" encoding="UTF-8"?>
<!-- Generated by org.testng.reporters.JUnitReportReporter -->
<testsuite hostname="LAPTOP-MC4R20CB" failures="0" tests="2" name="com.ripplestreet.AllGetApis.UserAchievementControllerGetApi" time="3.659" errors="0" timestamp="2023-07-11T14:17:44 IST" skipped="0">
  <testcase classname="com.ripplestreet.AllGetApis.UserAchievementControllerGetApi" name="getUserAchivmentsDetails" time="1.978"/>
  <system-out/>
  <testcase classname="com.ripplestreet.AllGetApis.UserAchievementControllerGetApi" name="getUserProgramsDetailes" time="1.681"/>
  <system-out/>
</testsuite> <!-- com.ripplestreet.AllGetApis.UserAchievementControllerGetApi -->
