<?xml version="1.0" encoding="UTF-8"?>
<!-- Generated by org.testng.reporters.JUnitReportReporter -->
<testsuite hostname="LAPTOP-MC4R20CB" failures="0" tests="1" name="com.ripplestreet.AllPutApis.TaskControllerPutApi" time="1.717" errors="0" timestamp="2023-07-11T14:17:44 IST" skipped="0">
  <testcase classname="com.ripplestreet.AllPutApis.TaskControllerPutApi" name="updateTask" time="1.717"/>
  <system-out/>
</testsuite> <!-- com.ripplestreet.AllPutApis.TaskControllerPutApi -->
