<?xml version="1.0" encoding="UTF-8"?>
<!-- Generated by org.testng.reporters.JUnitReportReporter -->
<testsuite hostname="LAPTOP-MC4R20CB" failures="0" tests="1" name="com.ripplestreet.AllPutApis.AchivementControllerPutApi" time="1.985" errors="0" timestamp="2023-07-11T14:17:44 IST" skipped="0">
  <testcase classname="com.ripplestreet.AllPutApis.AchivementControllerPutApi" name="updateAchivement" time="1.985"/>
  <system-out/>
</testsuite> <!-- com.ripplestreet.AllPutApis.AchivementControllerPutApi -->
